<?xml version="1.0" encoding="UTF-8"?>
<testng-results ignored="0" total="1" passed="1" failed="0" skipped="0">
  <reporter-output>
  </reporter-output>
  <suite started-at="2020-03-16T02:35:34Z" name="Page Object Model Basics" finished-at="2020-03-16T02:36:00Z" duration-ms="25699">
    <groups>
    </groups>
    <test started-at="2020-03-16T02:35:34Z" name="Login Test" finished-at="2020-03-16T02:36:00Z" duration-ms="25699">
      <class name="com.amit.testcases.LoginTest">
        <test-method signature="loginTest(java.util.Hashtable)[pri:0, instance:com.amit.testcases.LoginTest@42b21d99]" started-at="2020-03-16T02:35:35Z" name="loginTest" data-provider="dp" finished-at="2020-03-16T02:35:59Z" duration-ms="24967" status="PASS">
          <params>
            <param index="0">
              <value>
                <![CDATA[{password=Cowgupta44@, runmode=Y, username=amitgupta9530@gmail.com}]]>
              </value>
            </param>
          </params>
          <reporter-output>
          </reporter-output>
        </test-method> <!-- loginTest -->
        <test-method is-config="true" signature="tearDown()[pri:0, instance:com.amit.testcases.LoginTest@42b21d99]" started-at="2020-03-16T02:36:00Z" name="tearDown" finished-at="2020-03-16T02:36:01Z" duration-ms="728" status="PASS">
          <reporter-output>
          </reporter-output>
        </test-method> <!-- tearDown -->
      </class> <!-- com.amit.testcases.LoginTest -->
    </test> <!-- Login Test -->
  </suite> <!-- Page Object Model Basics -->
</testng-results>
