<?xml version="1.0" encoding="UTF-8"?>
<testng-results ignored="0" total="1" passed="1" failed="0" skipped="0">
  <reporter-output>
  </reporter-output>
  <suite started-at="2020-03-10T21:37:57 IST" name="Page Object Model Basics" finished-at="2020-03-10T21:38:05 IST" duration-ms="8010">
    <groups>
    </groups>
    <test started-at="2020-03-10T21:37:57 IST" name="Login Test" finished-at="2020-03-10T21:38:05 IST" duration-ms="8010">
      <class name="com.amit.testcases.LoginTest">
        <test-method signature="loginTest()[pri:0, instance:com.amit.testcases.LoginTest@1bc425e7]" started-at="2020-03-10T21:37:57 IST" name="loginTest" finished-at="2020-03-10T21:38:04 IST" duration-ms="7760" status="PASS">
          <reporter-output>
          </reporter-output>
        </test-method> <!-- loginTest -->
        <test-method is-config="true" signature="tearDown()[pri:0, instance:com.amit.testcases.LoginTest@1bc425e7]" started-at="2020-03-10T21:38:05 IST" name="tearDown" finished-at="2020-03-10T21:38:05 IST" duration-ms="656" status="PASS">
          <reporter-output>
          </reporter-output>
        </test-method> <!-- tearDown -->
      </class> <!-- com.amit.testcases.LoginTest -->
    </test> <!-- Login Test -->
  </suite> <!-- Page Object Model Basics -->
</testng-results>
